<?xml version="1.0" encoding="UTF-8"?>
<Site BuildName="(empty)"
	BuildStamp="20250514-1331-Experimental"
	Name="(empty)"
	Generator="ctest-3.10.2"
	CompilerName=""
	CompilerVersion=""
	OSName="Linux"
	Hostname="whh-virtual-machine"
	OSRelease="4.15.0-29-generic"
	OSVersion="#31-Ubuntu SMP Tue Jul 17 15:39:52 UTC 2018"
	OSPlatform="x86_64"
	Is64Bits="1"
	VendorString="GenuineIntel"
	VendorID="Intel Corporation"
	FamilyID="6"
	ModelID="165"
	ProcessorCacheSize="8192"
	NumberOfLogicalCPU="2"
	NumberOfPhysicalCPU="2"
	TotalVirtualMemory="947"
	TotalPhysicalMemory="1905"
	LogicalProcessorsPerPhysical="1"
	ProcessorClockFrequency="2496"
	>
	<Testing>
		<StartDateTime>May 14 21:31 CST</StartDateTime>
		<StartTestTime>1747229512</StartTestTime>
		<TestList/>
		<EndDateTime>May 14 21:31 CST</EndDateTime>
		<EndTestTime>1747229512</EndTestTime>
		<ElapsedMinutes>0</ElapsedMinutes>
	</Testing>
</Site>
